Arguments: 
  C:\Program Files\nodejs\node.exe C:\Program Files (x86)\Yarn\bin\yarn.js add jwt

PATH: 
  C:\Windows\system32;C:\Windows;C:\Windows\System32\Wbem;C:\Windows\System32\WindowsPowerShell\v1.0\;C:\Program Files\Microsoft SQL Server\120\Tools\Binn\;C:\Program Files\Microsoft SQL Server\130\Tools\Binn\;C:\Program Files (x86)\NVIDIA Corporation\PhysX\Common;C:\Program Files (x86)\Windows Kits\10\Windows Performance Toolkit\;C:\Program Files\Git\cmd;C:\WINDOWS\system32;C:\WINDOWS;C:\WINDOWS\System32\Wbem;C:\WINDOWS\System32\WindowsPowerShell\v1.0\;C:\WINDOWS\System32\OpenSSH\;C:\Program Files\nodejs\;C:\Program Files\NVIDIA Corporation\NVIDIA NvDLISR;C:\WINDOWS\system32;C:\WINDOWS;C:\WINDOWS\System32\Wbem;C:\WINDOWS\System32\WindowsPowerShell\v1.0\;C:\WINDOWS\System32\OpenSSH\;C:\Program Files (x86)\Yarn\bin\;C:\Program Files\Microsoft SQL Server\Client SDK\ODBC\110\Tools\Binn\;C:\Program Files (x86)\Microsoft SQL Server\120\Tools\Binn\;C:\Program Files\Microsoft SQL Server\120\DTS\Binn\;C:\Program Files (x86)\Microsoft SQL Server\150\DTS\Binn\;C:\Program Files\VisualSVN Server\bin;C:\Program Files\TortoiseSVN\bin;C:\Users\Asus\AppData\Local\Microsoft\WindowsApps;;C:\Users\Asus\AppData\Local\Programs\Microsoft VS Code\bin;C:\Users\Asus\AppData\Roaming\npm;C:\Program Files\heroku\bin;C:\Users\Asus\AppData\Local\Yarn\bin

Yarn version: 
  1.21.1

Node version: 
  10.14.2

Platform: 
  win32 x64

Trace: 
  Error: EPERM: operation not permitted, unlink 'C:\Users\Asus\Desktop\MobleStore\MobileStoreApp\node_modules\@angular\router\__ivy_ngcc__\fesm2015'

npm manifest: 
  {
    "name": "mobile-store-app",
    "version": "0.0.0",
    "scripts": {
      "ng": "ng",
      "start": "ng serve",
      "build": "ng build",
      "test": "ng test",
      "lint": "ng lint",
      "e2e": "ng e2e"
    },
    "private": true,
    "dependencies": {
      "@angular/animations": "~10.0.0-next.0",
      "@angular/common": "~10.0.0-next.0",
      "@angular/compiler": "~10.0.0-next.0",
      "@angular/core": "~10.0.0-next.0",
      "@angular/forms": "~10.0.0-next.0",
      "@angular/platform-browser": "~10.0.0-next.0",
      "@angular/platform-browser-dynamic": "~10.0.0-next.0",
      "@angular/router": "~10.0.0-next.0",
      "bootstrap": "^4.4.1",
      "jquery": "^3.5.0",
      "popper.js": "^1.16.1",
      "rxjs": "~6.5.4",
      "tslib": "^1.10.0",
      "zone.js": "~0.10.2"
    },
    "devDependencies": {
      "@angular-devkit/build-angular": "~0.1000.0-next.0",
      "@angular/cli": "~10.0.0-next.0",
      "@angular/compiler-cli": "~10.0.0-next.0",
      "@angular/language-service": "~10.0.0-next.0",
      "@types/node": "^12.11.1",
      "@types/jasmine": "~3.5.0",
      "@types/jasminewd2": "~2.0.3",
      "codelyzer": "^5.1.2",
      "jasmine-core": "~3.5.0",
      "jasmine-spec-reporter": "~5.0.0",
      "karma": "~4.4.1",
      "karma-chrome-launcher": "~3.1.0",
      "karma-coverage-istanbul-reporter": "~2.1.0",
      "karma-jasmine": "~3.0.1",
      "karma-jasmine-html-reporter": "^1.4.2",
      "protractor": "~5.4.3",
      "ts-node": "~8.3.0",
      "tslint": "~6.1.0",
      "typescript": "~3.8.3"
    }
  }

yarn manifest: 
  No manifest

Lockfile: 
  No lockfile
